0 info it worked if it ends with ok
1 verbose cli [ '/usr/bin/nodejs', '/usr/bin/npm', 'run', 'run:dev' ]
2 info using npm@3.5.2
3 info using node@v4.2.6
4 verbose run-script [ 'prerun:dev', 'run:dev', 'postrun:dev' ]
5 info lifecycle webpack-guide@0.0.0~prerun:dev: webpack-guide@0.0.0
6 silly lifecycle webpack-guide@0.0.0~prerun:dev: no script for prerun:dev, continuing
7 info lifecycle webpack-guide@0.0.0~run:dev: webpack-guide@0.0.0
8 verbose lifecycle webpack-guide@0.0.0~run:dev: unsafe-perm in lifecycle true
9 verbose lifecycle webpack-guide@0.0.0~run:dev: PATH: /usr/share/npm/bin/node-gyp-bin:/home/justclv/Desktop/cv3/master-directory/node_modules/.bin:/home/justclv/bin:/home/justclv/.local/bin:/usr/local/sbin:/usr/local/bin:/usr/sbin:/usr/bin:/sbin:/bin:/usr/games:/usr/local/games:/snap/bin
10 verbose lifecycle webpack-guide@0.0.0~run:dev: CWD: /home/justclv/Desktop/cv3/master-directory
11 silly lifecycle webpack-guide@0.0.0~run:dev: Args: [ '-c',
11 silly lifecycle   'rm -rf public/assets/** && node_modules/.bin/webpack-dev-server --config=./webpack.config.js --host=localhost --port=4000 --history-api-fallback -d --inline --hot --content-base $(pwd)/public' ]
12 silly lifecycle webpack-guide@0.0.0~run:dev: Returned: code: 1  signal: null
13 info lifecycle webpack-guide@0.0.0~run:dev: Failed to exec run:dev script
14 verbose stack Error: webpack-guide@0.0.0 run:dev: `rm -rf public/assets/** && node_modules/.bin/webpack-dev-server --config=./webpack.config.js --host=localhost --port=4000 --history-api-fallback -d --inline --hot --content-base $(pwd)/public`
14 verbose stack Exit status 1
14 verbose stack     at EventEmitter.<anonymous> (/usr/share/npm/lib/utils/lifecycle.js:232:16)
14 verbose stack     at emitTwo (events.js:87:13)
14 verbose stack     at EventEmitter.emit (events.js:172:7)
14 verbose stack     at ChildProcess.<anonymous> (/usr/share/npm/lib/utils/spawn.js:24:14)
14 verbose stack     at emitTwo (events.js:87:13)
14 verbose stack     at ChildProcess.emit (events.js:172:7)
14 verbose stack     at maybeClose (internal/child_process.js:821:16)
14 verbose stack     at Process.ChildProcess._handle.onexit (internal/child_process.js:211:5)
15 verbose pkgid webpack-guide@0.0.0
16 verbose cwd /home/justclv/Desktop/cv3/master-directory/public
17 error Linux 4.4.0-62-generic
18 error argv "/usr/bin/nodejs" "/usr/bin/npm" "run" "run:dev"
19 error node v4.2.6
20 error npm  v3.5.2
21 error code ELIFECYCLE
22 error webpack-guide@0.0.0 run:dev: `rm -rf public/assets/** && node_modules/.bin/webpack-dev-server --config=./webpack.config.js --host=localhost --port=4000 --history-api-fallback -d --inline --hot --content-base $(pwd)/public`
22 error Exit status 1
23 error Failed at the webpack-guide@0.0.0 run:dev script 'rm -rf public/assets/** && node_modules/.bin/webpack-dev-server --config=./webpack.config.js --host=localhost --port=4000 --history-api-fallback -d --inline --hot --content-base $(pwd)/public'.
23 error Make sure you have the latest version of node.js and npm installed.
23 error If you do, this is most likely a problem with the webpack-guide package,
23 error not with npm itself.
23 error Tell the author that this fails on your system:
23 error     rm -rf public/assets/** && node_modules/.bin/webpack-dev-server --config=./webpack.config.js --host=localhost --port=4000 --history-api-fallback -d --inline --hot --content-base $(pwd)/public
23 error You can get information on how to open an issue for this project with:
23 error     npm bugs webpack-guide
23 error Or if that isn't available, you can get their info via:
23 error     npm owner ls webpack-guide
23 error There is likely additional logging output above.
24 verbose exit [ 1, true ]
